F:\תכניות\תכנית תקרה.dwg,Model,26/06/2026 01:20:30,User,DWG To PDF.pc3,ISO full bleed A3 (297.00 x 420.00 MM),1:2,
C:\Users\User\Documents\פרויקט חדר רחצה\תכניות\פריסות עבודה.dwg,Model,26/06/2026 01:28:46,User,DWG To PDF.pc3,ISO full bleed A3 (297.00 x 420.00 MM),1:2,
C:\Users\User\Documents\פרויקט חדר רחצה\תכניות\פריסות עבודה.dwg,Model,26/06/2026 01:31:12,User,DWG To PDF.pc3,ISO full bleed A3 (297.00 x 420.00 MM),1:2,
C:\Users\User\Documents\פרויקט חדר רחצה\תכניות\פריסות עבודה.dwg,Model,26/06/2026 01:32:55,User,DWG To PDF.pc3,ISO full bleed A3 (297.00 x 420.00 MM),1:2,
C:\Users\User\Documents\פרויקט חדר רחצה\תכניות\פריסות עבודה.dwg,Model,26/06/2026 01:34:34,User,DWG To PDF.pc3,ISO full bleed A3 (297.00 x 420.00 MM),1:2,
C:\Users\User\Documents\פרויקט חדר רחצה\תכניות\פריסות ייצוגי.dwg,Model,26/06/2026 01:38:54,User,DWG To PDF.pc3,ISO full bleed A3 (297.00 x 420.00 MM),1:2,
C:\Users\User\Documents\פרויקט חדר רחצה\תכניות\פריסות ייצוגי.dwg,Model,26/06/2026 01:40:33,User,DWG To PDF.pc3,ISO full bleed A3 (297.00 x 420.00 MM),1:2,
C:\Users\User\Documents\פרויקט חדר רחצה\תכניות\פריסות ייצוגי.dwg,Model,26/06/2026 01:42:08,User,DWG To PDF.pc3,ISO full bleed A3 (297.00 x 420.00 MM),1:2,
C:\Users\User\Documents\פרויקט חדר רחצה\תכניות\פריסות ייצוגי.dwg,Model,26/06/2026 01:43:55,User,DWG To PDF.pc3,ISO full bleed A3 (297.00 x 420.00 MM),1:2,
C:\Users\User\Documents\פרויקט חדר רחצה\תכניות\פריסות חיפויים.dwg,Model,26/06/2026 01:47:22,User,DWG To PDF.pc3,ISO full bleed A3 (297.00 x 420.00 MM),1:2,
C:\Users\User\Documents\פרויקט חדר רחצה\תכניות\פריסות עבודה.dwg,Model,26/06/2026 01:51:08,User,DWG To PDF.pc3,ISO full bleed A3 (297.00 x 420.00 MM),1:2,
C:\Users\User\Documents\פרויקט חדר רחצה\תכניות\פריסות חיפויים.dwg,Model,26/06/2026 01:53:19,User,DWG To PDF.pc3,ISO full bleed A3 (297.00 x 420.00 MM),1:2,
C:\Users\User\Documents\פרויקט חדר רחצה\תכניות\פריסות חיפויים.dwg,Model,26/06/2026 01:54:31,User,DWG To PDF.pc3,ISO full bleed A3 (297.00 x 420.00 MM),1:2,
C:\Users\User\Documents\פרויקט חדר רחצה\תכניות\פריסות חיפויים.dwg,Model,26/06/2026 01:57:14,User,DWG To PDF.pc3,ISO full bleed A3 (297.00 x 420.00 MM),1:2,
C:\Users\User\Documents\פרויקט חדר רחצה\תכניות\פריסות חיפויים.dwg,Model,26/06/2026 01:57:52,User,DWG To PDF.pc3,ISO full bleed A3 (297.00 x 420.00 MM),1:2,
C:\Users\User\Documents\פרויקט חדר רחצה\תכניות\פריסות חיפויים.dwg,Model,26/06/2026 01:58:37,User,DWG To PDF.pc3,ISO full bleed A3 (297.00 x 420.00 MM),1:2,
C:\Users\User\Documents\פרויקט חדר רחצה\תכניות\פרט.dwg,Model,26/06/2026 02:00:56,User,DWG To PDF.pc3,ISO full bleed A3 (297.00 x 420.00 MM),1:2,
C:\Users\User\Documents\פרויקט חדר רחצה\תכניות\תכנית שלא נבחרה.dwg,Model,26/06/2026 02:07:43,User,DWG To PDF.pc3,ISO full bleed A3 (297.00 x 420.00 MM),1:2.5,
C:\Users\User\Documents\פרויקט חדר רחצה\תכניות\תכנית אנסטלציה.dwg,Model,26/06/2026 02:09:51,User,DWG To PDF.pc3,ISO full bleed A3 (297.00 x 420.00 MM),1:2.5,
C:\Users\User\Documents\פרויקט חדר רחצה\תכניות\תכנית חשמל ותאורה.dwg,Model,26/06/2026 02:13:17,User,DWG To PDF.pc3,ISO full bleed A3 (297.00 x 420.00 MM),1:2.5,
C:\Users\User\Documents\פרויקט חדר רחצה\תכניות\תכנית יצוגית.dwg,Model,26/06/2026 02:14:43,User,DWG To PDF.pc3,ISO full bleed A3 (297.00 x 420.00 MM),1:2.5,
C:\Users\User\Documents\פרויקט חדר רחצה\תכניות\תכנית עבודה.dwg,Model,26/06/2026 02:16:28,User,DWG To PDF.pc3,ISO full bleed A3 (297.00 x 420.00 MM),1:2.5,
F:\תכניות\תכנית ריצוף.dwg,Model,26/06/2026 02:17:50,User,DWG To PDF.pc3,ISO full bleed A3 (297.00 x 420.00 MM),1:2.5,
C:\Users\User\Documents\פרויקט חדר רחצה\תכניות\תכנית שלא נבחרה.dwg,Model,26/06/2026 02:37:20,User,DWG To PDF.pc3,ISO full bleed A3 (297.00 x 420.00 MM),1:2.5,
